0 silly input [ 'build' ]
1 silly flags { _: [ 'run' ],
1 silly flags   'reject-cycles': false,
1 silly flags   rejectCycles: false,
1 silly flags   script: 'build',
1 silly flags   args: [] }
2 verbose rootPath /Users/cvoigt/Documents/workspace/argdown
3 info version 2.11.0
4 silly existsSync /Users/cvoigt/Documents/workspace/argdown/VERSION
5 info versioning independent
6 silly initialize attempt
7 silly initialize success
8 silly execute attempt
9 silly runScriptInDir build [] argdown-core
10 silly getExecOpts { cwd:
10 silly getExecOpts    '/Users/cvoigt/Documents/workspace/argdown/packages/argdown-core' }
11 silly runScriptInDir build [] argdown-node
12 silly getExecOpts { cwd:
12 silly getExecOpts    '/Users/cvoigt/Documents/workspace/argdown/packages/argdown-node' }
13 silly runScriptInDir build [] argdown-sandbox
14 silly getExecOpts { cwd:
14 silly getExecOpts    '/Users/cvoigt/Documents/workspace/argdown/packages/argdown-sandbox' }
15 silly runScriptInDir build [] argdown-cli
16 silly getExecOpts { cwd:
16 silly getExecOpts    '/Users/cvoigt/Documents/workspace/argdown/packages/argdown-cli' }
17 silly runScriptInDir build [] argdown-language-server
18 silly getExecOpts { cwd:
18 silly getExecOpts    '/Users/cvoigt/Documents/workspace/argdown/packages/argdown-language-server' }
19 error build Errored while running script in '@argdown/language-server'
20 error execute callback with error
21 error Error: Command failed: yarn run build
21 error error Command failed with exit code 2.
21 error yarn run v1.7.0
21 error $ tsc -p .
21 error src/providers/DocumentSymbolPlugin.ts(212,18): error TS2339: Property 'ARGUMENT_STATEMENT' does not exist on type 'typeof RuleNames'.
21 error src/providers/DocumentSymbolPlugin.ts(229,18): error TS2339: Property 'ARGUMENT_STATEMENT' does not exist on type 'typeof RuleNames'.
21 error src/providers/FoldingRangesPlugin.ts(53,16): error TS2339: Property 'ARGUMENT_STATEMENT' does not exist on type 'typeof RuleNames'.
21 error info Visit https://yarnpkg.com/en/docs/cli/run for documentation about this command.
21 error
21 error     at Promise.all.then.arr (/Users/cvoigt/Documents/workspace/argdown/node_modules/execa/index.js:236:11)
